<?xml version="1.0" encoding="UTF-8"?>
<!-- Generated by org.testng.reporters.JUnitXMLReporter -->
<testsuite ignored="0" hostname="DESKTOP-CTCH6FD" failures="0" tests="7" name="Test" time="80.832" errors="0" timestamp="2024-06-19T13:18:34 IST">
  <testcase classname="sequentialTestCases.LoginPageSeq" name="excel" time="9.131"/>
  <testcase classname="sequentialTestCases.UnitPageSeq" name="unitAdd" time="11.623"/>
  <testcase classname="sequentialTestCases.UnitPageSeq" name="unitSearch" time="6.308"/>
  <testcase classname="sequentialTestCases.UnitPageSeq" name="deleteunit" time="3.926"/>
  <testcase classname="sequentialTestCases.CategoriesPageSeq" name="categoriesAdd" time="16.582"/>
  <testcase classname="sequentialTestCases.CategoriesPageSeq" name="categoriesSearch" time="6.316"/>
  <testcase classname="sequentialTestCases.CategoriesPageSeq" name="deletecategoriesDetails" time="4.036"/>
</testsuite> <!-- Test -->
